2024-09-08 12:32:56,018 - INFO - Received target: 12.3
list: [1.5, 2.5, 3.5, 4.5, 5.5, 6.5, 7.5, 8.5, 9.5, 12.3, 11.0, 1.3]
2024-09-08 12:32:56,018 - INFO - CUDA is not available. Using CPU.
2024-09-08 12:32:56,019 - ERROR - Error generating combinations: 'builtin_function_or_method' object is not iterable
2024-09-08 12:33:50,223 - INFO - Received target: 12.3
list: [1.5, 2.5, 3.5, 4.5, 5.5, 6.5, 7.5, 8.5, 9.5, 12.3, 11.0, 1.3]
2024-09-08 12:33:50,223 - INFO - CUDA is not available. Using CPU.
2024-09-08 13:13:24,194 - INFO - Received target: 12.3
list: [1.3, 11, 12, 0.3, 5]
2024-09-08 13:13:24,194 - INFO - CUDA is not available. Using CPU.
2024-09-08 13:13:24,194 - INFO - attempting combinatinos of 2 length
2024-09-08 13:13:24,195 - INFO - attempting combinatinos of 3 length
2024-09-08 13:13:24,195 - INFO - attempting combinatinos of 4 length
2024-09-08 13:13:24,195 - INFO - attempting combinatinos of 5 length
2024-09-08 13:13:50,651 - INFO - Received target: 12.3
list: [1.3, 11, 12, 0.3, 5]
2024-09-08 13:13:50,651 - INFO - CUDA is not available. Using CPU.
2024-09-08 13:13:50,652 - INFO - attempting combinatinos of 2 length
2024-09-08 13:13:50,654 - INFO - attempting combinatinos of 3 length
2024-09-08 13:13:50,654 - INFO - attempting combinatinos of 4 length
2024-09-08 13:13:50,654 - INFO - attempting combinatinos of 5 length
2024-09-08 13:15:27,704 - INFO - Received target: 12.3
list: [1.3, 11, 12, 0.3, 5]
2024-09-08 13:15:27,704 - INFO - CUDA is not available. Using CPU.
2024-09-08 13:15:27,704 - INFO - attempting combinatinos of 2 length
2024-09-08 13:15:27,705 - INFO - attempting combinatinos of 3 length
2024-09-08 13:15:27,705 - INFO - attempting combinatinos of 4 length
2024-09-08 13:15:27,705 - INFO - attempting combinatinos of 5 length
